# JRE version: Java(TM) SE Runtime Environment (8.0_40-b26) (build 1.8.0_40-b26)
# Java VM: Java HotSpot(TM) 64-Bit Server VM (25.40-b25 mixed mode linux-amd64 compressed oops)
Heap:
 PSYoungGen      total 199168K, used 95742K [0x00000000e1f00000, 0x00000000eee80000, 0x0000000100000000)
  eden space 189440K, 45% used [0x00000000e1f00000,0x00000000e7304d48,0x00000000ed800000)
  from space 9728K, 99% used [0x00000000ed800000,0x00000000ee17ab80,0x00000000ee180000)
  to   space 11264K, 0% used [0x00000000ee380000,0x00000000ee380000,0x00000000eee80000)
 ParOldGen       total 53248K, used 14401K [0x00000000a5c00000, 0x00000000a9000000, 0x00000000e1f00000)
  object space 53248K, 27% used [0x00000000a5c00000,0x00000000a6a104c0,0x00000000a9000000)
 Metaspace       used 29933K, capacity 30384K, committed 30464K, reserved 1075200K
  class space    used 3694K, capacity 3805K, committed 3840K, reserved 1048576K
GC Heap History (10 events):
Event: 3.182 GC heap before
{Heap before GC invocations=6 (full 0):
 PSYoungGen      total 51712K, used 51680K [0x00000000e1f00000, 0x00000000e9000000, 0x0000000100000000)
  eden space 48128K, 100% used [0x00000000e1f00000,0x00000000e4e00000,0x00000000e4e00000)
  from space 3584K, 99% used [0x00000000e4e00000,0x00000000e5178020,0x00000000e5180000)
  to   space 9728K, 0% used [0x00000000e8680000,0x00000000e8680000,0x00000000e9000000)
 ParOldGen       total 62976K, used 10080K [0x00000000a5c00000, 0x00000000a9980000, 0x00000000e1f00000)
  object space 62976K, 16% used [0x00000000a5c00000,0x00000000a65d8220,0x00000000a9980000)
 Metaspace       used 19803K, capacity 20140K, committed 20224K, reserved 1067008K
  class space    used 2424K, capacity 2507K, committed 2560K, reserved 1048576K
Event: 3.217 GC heap after
Heap after GC invocations=6 (full 0):
 PSYoungGen      total 105984K, used 6033K [0x00000000e1f00000, 0x00000000e9000000, 0x0000000100000000)
  eden space 96256K, 0% used [0x00000000e1f00000,0x00000000e1f00000,0x00000000e7d00000)
  from space 9728K, 62% used [0x00000000e8680000,0x00000000e8c64548,0x00000000e9000000)
  to   space 9728K, 0% used [0x00000000e7d00000,0x00000000e7d00000,0x00000000e8680000)
 ParOldGen       total 62976K, used 10080K [0x00000000a5c00000, 0x00000000a9980000, 0x00000000e1f00000)
  object space 62976K, 16% used [0x00000000a5c00000,0x00000000a65d8220,0x00000000a9980000)
 Metaspace       used 19803K, capacity 20140K, committed 20224K, reserved 1067008K
  class space    used 2424K, capacity 2507K, committed 2560K, reserved 1048576K
}
Event: 3.671 GC heap before
{Heap before GC invocations=7 (full 0):
 PSYoungGen      total 105984K, used 42597K [0x00000000e1f00000, 0x00000000e9000000, 0x0000000100000000)
  eden space 96256K, 37% used [0x00000000e1f00000,0x00000000e42b4ec0,0x00000000e7d00000)
  from space 9728K, 62% used [0x00000000e8680000,0x00000000e8c64548,0x00000000e9000000)
  to   space 9728K, 0% used [0x00000000e7d00000,0x00000000e7d00000,0x00000000e8680000)
 ParOldGen       total 62976K, used 10080K [0x00000000a5c00000, 0x00000000a9980000, 0x00000000e1f00000)
  object space 62976K, 16% used [0x00000000a5c00000,0x00000000a65d8220,0x00000000a9980000)
 Metaspace       used 20972K, capacity 21232K, committed 21296K, reserved 1069056K
  class space    used 2591K, capacity 2673K, committed 2688K, reserved 1048576K
Event: 3.698 GC heap after
Heap after GC invocations=7 (full 0):
 PSYoungGen      total 105984K, used 5978K [0x00000000e1f00000, 0x00000000eed00000, 0x0000000100000000)
  eden space 96256K, 0% used [0x00000000e1f00000,0x00000000e1f00000,0x00000000e7d00000)
  from space 9728K, 61% used [0x00000000e7d00000,0x00000000e82d6900,0x00000000e8680000)
  to   space 9216K, 0% used [0x00000000ee400000,0x00000000ee400000,0x00000000eed00000)
 ParOldGen       total 62976K, used 10978K [0x00000000a5c00000, 0x00000000a9980000, 0x00000000e1f00000)
  object space 62976K, 17% used [0x00000000a5c00000,0x00000000a66b8900,0x00000000a9980000)
 Metaspace       used 20972K, capacity 21232K, committed 21296K, reserved 1069056K
  class space    used 2591K, capacity 2673K, committed 2688K, reserved 1048576K
}
Event: 3.698 GC heap before
{Heap before GC invocations=8 (full 1):
 PSYoungGen      total 105984K, used 5978K [0x00000000e1f00000, 0x00000000eed00000, 0x0000000100000000)
  eden space 96256K, 0% used [0x00000000e1f00000,0x00000000e1f00000,0x00000000e7d00000)
  from space 9728K, 61% used [0x00000000e7d00000,0x00000000e82d6900,0x00000000e8680000)
  to   space 9216K, 0% used [0x00000000ee400000,0x00000000ee400000,0x00000000eed00000)
 ParOldGen       total 62976K, used 10978K [0x00000000a5c00000, 0x00000000a9980000, 0x00000000e1f00000)
  object space 62976K, 17% used [0x00000000a5c00000,0x00000000a66b8900,0x00000000a9980000)
 Metaspace       used 20972K, capacity 21232K, committed 21296K, reserved 1069056K
  class space    used 2591K, capacity 2673K, committed 2688K, reserved 1048576K
Event: 3.809 GC heap after
Heap after GC invocations=8 (full 1):
 PSYoungGen      total 105984K, used 0K [0x00000000e1f00000, 0x00000000eed00000, 0x0000000100000000)
  eden space 96256K, 0% used [0x00000000e1f00000,0x00000000e1f00000,0x00000000e7d00000)
  from space 9728K, 0% used [0x00000000e7d00000,0x00000000e7d00000,0x00000000e8680000)
  to   space 9216K, 0% used [0x00000000ee400000,0x00000000ee400000,0x00000000eed00000)
 ParOldGen       total 53248K, used 13346K [0x00000000a5c00000, 0x00000000a9000000, 0x00000000e1f00000)
  object space 53248K, 25% used [0x00000000a5c00000,0x00000000a6908828,0x00000000a9000000)
 Metaspace       used 20972K, capacity 21232K, committed 21296K, reserved 1069056K
  class space    used 2591K, capacity 2673K, committed 2688K, reserved 1048576K
}
Event: 5.548 GC heap before
{Heap before GC invocations=9 (full 1):
 PSYoungGen      total 105984K, used 96256K [0x00000000e1f00000, 0x00000000eed00000, 0x0000000100000000)
  eden space 96256K, 100% used [0x00000000e1f00000,0x00000000e7d00000,0x00000000e7d00000)
  from space 9728K, 0% used [0x00000000e7d00000,0x00000000e7d00000,0x00000000e8680000)
  to   space 9216K, 0% used [0x00000000ee400000,0x00000000ee400000,0x00000000eed00000)
 ParOldGen       total 53248K, used 13346K [0x00000000a5c00000, 0x00000000a9000000, 0x00000000e1f00000)
  object space 53248K, 25% used [0x00000000a5c00000,0x00000000a6908828,0x00000000a9000000)
 Metaspace       used 25971K, capacity 26312K, committed 26368K, reserved 1073152K
  class space    used 3209K, capacity 3317K, committed 3328K, reserved 1048576K
Event: 5.586 GC heap after
Heap after GC invocations=9 (full 1):
 PSYoungGen      total 154112K, used 6952K [0x00000000e1f00000, 0x00000000eeb00000, 0x0000000100000000)
  eden space 146944K, 0% used [0x00000000e1f00000,0x00000000e1f00000,0x00000000eae80000)
  from space 7168K, 96% used [0x00000000ee400000,0x00000000eeaca1d8,0x00000000eeb00000)
  to   space 9728K, 0% used [0x00000000ed800000,0x00000000ed800000,0x00000000ee180000)
 ParOldGen       total 53248K, used 13354K [0x00000000a5c00000, 0x00000000a9000000, 0x00000000e1f00000)
  object space 53248K, 25% used [0x00000000a5c00000,0x00000000a690a828,0x00000000a9000000)
 Metaspace       used 25971K, capacity 26312K, committed 26368K, reserved 1073152K
  class space    used 3209K, capacity 3317K, committed 3328K, reserved 1048576K
}
Event: 7.913 GC heap before
{Heap before GC invocations=10 (full 1):
 PSYoungGen      total 154112K, used 153896K [0x00000000e1f00000, 0x00000000eeb00000, 0x0000000100000000)
  eden space 146944K, 100% used [0x00000000e1f00000,0x00000000eae80000,0x00000000eae80000)
  from space 7168K, 96% used [0x00000000ee400000,0x00000000eeaca1d8,0x00000000eeb00000)
  to   space 9728K, 0% used [0x00000000ed800000,0x00000000ed800000,0x00000000ee180000)
 ParOldGen       total 53248K, used 13354K [0x00000000a5c00000, 0x00000000a9000000, 0x00000000e1f00000)
  object space 53248K, 25% used [0x00000000a5c00000,0x00000000a690a828,0x00000000a9000000)
 Metaspace       used 28963K, capacity 29306K, committed 29568K, reserved 1075200K
  class space    used 3580K, capacity 3684K, committed 3712K, reserved 1048576K
Event: 7.944 GC heap after
Heap after GC invocations=10 (full 1):
 PSYoungGen      total 199168K, used 9706K [0x00000000e1f00000, 0x00000000eee80000, 0x0000000100000000)
  eden space 189440K, 0% used [0x00000000e1f00000,0x00000000e1f00000,0x00000000ed800000)
  from space 9728K, 99% used [0x00000000ed800000,0x00000000ee17ab80,0x00000000ee180000)
  to   space 11264K, 0% used [0x00000000ee380000,0x00000000ee380000,0x00000000eee80000)
 ParOldGen       total 53248K, used 14401K [0x00000000a5c00000, 0x00000000a9000000, 0x00000000e1f00000)
  object space 53248K, 27% used [0x00000000a5c00000,0x00000000a6a104c0,0x00000000a9000000)
 Metaspace       used 28963K, capacity 29306K, committed 29568K, reserved 1075200K
  class space    used 3580K, capacity 3684K, committed 3712K, reserved 1048576K
}

